Wed Jan 18 14:19:01 CET 2017 : Server di rete Apache Derby: 10.11.1.2 - (1629631) avviato e pronto ad accettare connessioni sulla porta 1527
----------------------------------------------------------------
Wed Jan 18 14:19:02 CET 2017:
Avvio della versione di Derby The Apache Software Foundation - Apache Derby - 10.11.1.2 - (1629631): istanza a816c00e-0159-b1ba-e40e-0000079777a3
sulla directory di database C:\Users\Carlo\Desktop\UniTN\SecondoAnno\Secondo Semestre\Web\progetto\Mainagioia\Db\Mainagioia con caricatore classi sun.misc.Launcher$AppClassLoader@60e53b93 
Caricato da file:/C:/Program%20Files/Java/jdk1.8.0_40/db/lib/derby.jar
java.vendor=Oracle Corporation
java.runtime.version=1.8.0_40-b26
user.dir=C:\Program Files\Java\jdk1.8.0_40\db
os.name=Windows 8.1
os.arch=amd64
os.version=6.3
derby.system.home=C:\Users\Carlo\Desktop\UniTN\SecondoAnno\Secondo Semestre\Web\progetto\Mainagioia\Db
Programma di caricamento classe database avviato - derby.database.classpath=''
Wed Jan 18 14:19:02 CET 2017 Thread[DRDAConnThread_2,5,main] (XID = 2943), (SESSIONID = 0), (DATABASE = Mainagioia), (DRDAID = {1}), Cleanup action starting
java.sql.SQLNonTransientConnectionException: Autenticazione della connessione non riuscita. Motivo: Autenticazione non valida..
	at org.apache.derby.impl.jdbc.SQLExceptionFactory.getSQLException(Unknown Source)
	at org.apache.derby.impl.jdbc.SQLExceptionFactory.getSQLException(Unknown Source)
	at org.apache.derby.impl.jdbc.Util.generateCsSQLException(Unknown Source)
	at org.apache.derby.impl.jdbc.Util.generateCsSQLException(Unknown Source)
	at org.apache.derby.impl.jdbc.EmbedConnection.newSQLException(Unknown Source)
	at org.apache.derby.impl.jdbc.EmbedConnection.checkUserCredentials(Unknown Source)
	at org.apache.derby.impl.jdbc.EmbedConnection.<init>(Unknown Source)
	at org.apache.derby.jdbc.InternalDriver.getNewEmbedConnection(Unknown Source)
	at org.apache.derby.jdbc.InternalDriver.connect(Unknown Source)
	at org.apache.derby.jdbc.InternalDriver.connect(Unknown Source)
	at org.apache.derby.jdbc.EmbeddedDriver.connect(Unknown Source)
	at org.apache.derby.impl.drda.Database.makeConnection(Unknown Source)
	at org.apache.derby.impl.drda.DRDAConnThread.getConnFromDatabaseName(Unknown Source)
	at org.apache.derby.impl.drda.DRDAConnThread.verifyUserIdPassword(Unknown Source)
	at org.apache.derby.impl.drda.DRDAConnThread.parseSECCHK(Unknown Source)
	at org.apache.derby.impl.drda.DRDAConnThread.parseDRDAConnection(Unknown Source)
	at org.apache.derby.impl.drda.DRDAConnThread.processCommands(Unknown Source)
	at org.apache.derby.impl.drda.DRDAConnThread.run(Unknown Source)
Caused by: ERROR 08004: Autenticazione della connessione non riuscita. Motivo: Autenticazione non valida..
	at org.apache.derby.iapi.error.StandardException.newException(Unknown Source)
	at org.apache.derby.impl.jdbc.SQLExceptionFactory.wrapArgsForTransportAcrossDRDA(Unknown Source)
	... 18 more
============= begin nested exception, level (1) ===========
ERROR 08004: Autenticazione della connessione non riuscita. Motivo: Autenticazione non valida..
	at org.apache.derby.iapi.error.StandardException.newException(Unknown Source)
	at org.apache.derby.impl.jdbc.SQLExceptionFactory.wrapArgsForTransportAcrossDRDA(Unknown Source)
	at org.apache.derby.impl.jdbc.SQLExceptionFactory.getSQLException(Unknown Source)
	at org.apache.derby.impl.jdbc.SQLExceptionFactory.getSQLException(Unknown Source)
	at org.apache.derby.impl.jdbc.Util.generateCsSQLException(Unknown Source)
	at org.apache.derby.impl.jdbc.Util.generateCsSQLException(Unknown Source)
	at org.apache.derby.impl.jdbc.EmbedConnection.newSQLException(Unknown Source)
	at org.apache.derby.impl.jdbc.EmbedConnection.checkUserCredentials(Unknown Source)
	at org.apache.derby.impl.jdbc.EmbedConnection.<init>(Unknown Source)
	at org.apache.derby.jdbc.InternalDriver.getNewEmbedConnection(Unknown Source)
	at org.apache.derby.jdbc.InternalDriver.connect(Unknown Source)
	at org.apache.derby.jdbc.InternalDriver.connect(Unknown Source)
	at org.apache.derby.jdbc.EmbeddedDriver.connect(Unknown Source)
	at org.apache.derby.impl.drda.Database.makeConnection(Unknown Source)
	at org.apache.derby.impl.drda.DRDAConnThread.getConnFromDatabaseName(Unknown Source)
	at org.apache.derby.impl.drda.DRDAConnThread.verifyUserIdPassword(Unknown Source)
	at org.apache.derby.impl.drda.DRDAConnThread.parseSECCHK(Unknown Source)
	at org.apache.derby.impl.drda.DRDAConnThread.parseDRDAConnection(Unknown Source)
	at org.apache.derby.impl.drda.DRDAConnThread.processCommands(Unknown Source)
	at org.apache.derby.impl.drda.DRDAConnThread.run(Unknown Source)
============= end nested exception, level (1) ===========
Cleanup action completed
Wed Jan 18 14:19:02 CET 2017 Thread[DRDAConnThread_2,5,main] (DATABASE = Mainagioia), (DRDAID = {1}), Autenticazione della connessione non riuscita. Motivo: Autenticazione non valida..
